<?xml version="1.0" encoding="UTF-8"?>
<testsuites name="TestSuite1" time="57.264" tests="2" failures="0" errors="0">
   <testsuite name="TestSuite1" tests="2" failures="0" errors="0" time="57.264" timestamp="2020-09-07 13:58:56" hostname="gyanprakash2 - IN-GYANPRAKASH2.in.kworld.kpmg.com" id="Test Suites/TestSuite1">
      <properties>
         <property name="deviceName" value=""/>
         <property name="devicePlatform" value=""/>
         <property name="logFolder" value="C:\\Users\\gyanprakash2\\git\\KatalonGitTest\\Reports\\20200907_135851\\TestSuite1\\20200907_135851"/>
         <property name="logFiles" value="C:\\Users\\gyanprakash2\\git\\KatalonGitTest\\Reports\\20200907_135851\\TestSuite1\\20200907_135851\\execution0.log"/>
         <property name="attachments" value=""/>
         <property name="hostName" value="gyanprakash2 - IN-GYANPRAKASH2.in.kworld.kpmg.com"/>
         <property name="os" value="Windows 10 64bit"/>
         <property name="katalonVersion" value="7.6.2.205"/>
         <property name="browser" value="Chrome 85.0.4183.83"/>
         <property name="hostAddress" value="192.168.0.101"/>
         <property name="sessionId" value="f0c8117e18e38ad28426ce2e3413d5c2"/>
         <property name="seleniumVersion" value="3.141.59"/>
         <property name="proxyInformation" value="ProxyInformation { proxyOption=NO_PROXY, proxyServerType=HTTP, username=, password=********, proxyServerAddress=, proxyServerPort=0, executionList=\&quot;\&quot;, isApplyToDesiredCapabilities=true }"/>
         <property name="platform" value="Windows 10"/>
      </properties>
      <testcase name="Test Cases/Test1" time="33.79" classname="Test Cases/Test1" status="PASSED">
         <system-out><![CDATA[2020-09-07 13:58:57 - [TEST_CASE][PASSED] - Test Cases/Test1: Test Cases/Test1

2020-09-07 13:58:58 - [TEST_STEP][PASSED] - openBrowser("https://www.toolsqa.com/"): Browser is opened with url: 'https://www.toolsqa.com/'

2020-09-07 13:58:58 - [MESSAGE][INFO] - Starting 'Chrome' driver

2020-09-07 13:58:58 - [MESSAGE][INFO] - Action delay is set to 0 milliseconds

2020-09-07 13:59:12 - [MESSAGE][PASSED] - Browser is opened with url: 'https://www.toolsqa.com/'

2020-09-07 13:59:12 - [TEST_STEP][PASSED] - maximizeWindow(): Current window maximized

2020-09-07 13:59:17 - [MESSAGE][PASSED] - Current window maximized

2020-09-07 13:59:17 - [TEST_STEP][PASSED] - click(findTestObject("ToolsQA_HomePage/span_Selenium Training")): Object: 'Object Repository/ToolsQA_HomePage/span_Selenium Training' is clicked on

2020-09-07 13:59:20 - [MESSAGE][PASSED] - Object: 'Object Repository/ToolsQA_HomePage/span_Selenium Training' is clicked on

2020-09-07 13:59:20 - [TEST_STEP][PASSED] - verifyElementText(findTestObject("ToolsQA_SeleniumPage/strong_8 Modules"), "8 Modules"): Actual text and expected text of test object 'Object Repository/ToolsQA_SeleniumPage/strong_8 Modules' are matched.

2020-09-07 13:59:29 - [MESSAGE][PASSED] - Actual text and expected text of test object 'Object Repository/ToolsQA_SeleniumPage/strong_8 Modules' are matched.

2020-09-07 13:59:29 - [TEST_STEP][PASSED] - verifyElementText(findTestObject("ToolsQA_SeleniumPage/strong_Live Project"), "Live Project"): Actual text and expected text of test object 'Object Repository/ToolsQA_SeleniumPage/strong_Live Project' are matched.

2020-09-07 13:59:30 - [MESSAGE][PASSED] - Actual text and expected text of test object 'Object Repository/ToolsQA_SeleniumPage/strong_Live Project' are matched.

2020-09-07 13:59:30 - [TEST_STEP][PASSED] - closeBrowser(): Browser is closed

2020-09-07 13:59:31 - [MESSAGE][PASSED] - Browser is closed]]></system-out>
         <system-err><![CDATA[]]></system-err>
      </testcase>
      <testcase name="Test Cases/Test2" time="13.439" classname="Test Cases/Test2" status="PASSED">
         <system-out><![CDATA[2020-09-07 13:59:31 - [TEST_CASE][PASSED] - Test Cases/Test2: Test Cases/Test2

2020-09-07 13:59:31 - [TEST_STEP][PASSED] - openBrowser("https://www.selenium.dev/"): Browser is opened with url: 'https://www.selenium.dev/'

2020-09-07 13:59:31 - [MESSAGE][INFO] - Starting 'Chrome' driver

2020-09-07 13:59:31 - [MESSAGE][INFO] - Action delay is set to 0 milliseconds

2020-09-07 13:59:40 - [MESSAGE][PASSED] - Browser is opened with url: 'https://www.selenium.dev/'

2020-09-07 13:59:40 - [TEST_STEP][PASSED] - maximizeWindow(): Current window maximized

2020-09-07 13:59:41 - [MESSAGE][PASSED] - Current window maximized

2020-09-07 13:59:41 - [TEST_STEP][PASSED] - click(findTestObject("SeleniumPage_DownloadsLink/a_Downloads")): Object: 'Object Repository/SeleniumPage_DownloadsLink/a_Downloads' is clicked on

2020-09-07 13:59:43 - [MESSAGE][PASSED] - Object: 'Object Repository/SeleniumPage_DownloadsLink/a_Downloads' is clicked on

2020-09-07 13:59:43 - [TEST_STEP][PASSED] - closeBrowser(): Browser is closed

2020-09-07 13:59:44 - [MESSAGE][PASSED] - Browser is closed]]></system-out>
         <system-err><![CDATA[]]></system-err>
      </testcase>
      <system-out><![CDATA[2020-09-07 13:58:56 - [TEST_SUITE][PASSED] - TestSuite1: Test Cases/Test2]]></system-out>
      <system-err><![CDATA[]]></system-err>
   </testsuite>
</testsuites>
